Run options: include {focus: true}

All examples were filtered out; ignoring {focus: true}
spec/system/creating_a_journal_spec.rb:82.81293499999447
spec/models/reservation_spec.rb:31.62659299999359
spec/controllers/reservations_controller_spec.rb:30.40953000000445
spec/system/admin/facility_reservations_tooltip_spec.rb:26.908437999984017
spec/controllers/users_controller_spec.rb:25.49792699998943
spec/controllers/facility_accounts_controller_spec.rb:20.480206999985967
spec/system/admin/facility_statements_spec.rb:19.0675179999962
spec/system/admin/item_price_policies_controller_spec.rb:18.15168499998981
spec/system/admin/managing_user_spec.rb:17.332120000006398
spec/system/admin/order_show_spec.rb:15.98988300000201
spec/controllers/facility_journals_controller_spec.rb:15.260183000005782
spec/system/cart_billing_mode_spec.rb:14.673116000019945
spec/controllers/reports/general_reports_controller_spec.rb:14.214122000004863
spec/system/admin/projects_show_spec.rb:13.24987600001623
spec/lib/ability_spec.rb:12.54682000001776
spec/controllers/facility_orders_controller_spec.rb:11.510144999978365
spec/controllers/facility_notifications_controller_spec.rb:10.601772999973036
spec/system/admin/adding_to_an_order_spec.rb:10.117381999996724
spec/models/order_details/accessorized_order_detail_spec.rb:10.038639999984298
spec/services/order_row_importer_spec.rb:9.902998000005027
spec/controllers/reports/instrument_reports_controller_spec.rb:9.045707000012044
spec/system/purchasing_a_reservation_spec.rb:8.93578100000741
spec/controllers/facility_reservations_controller_spec.rb:8.74187399999937
spec/controllers/accessories_controller_spec.rb:8.498415999987628
spec/controllers/facility_statements_controller_spec.rb:7.988538999983575
spec/models/statement_spec.rb:6.701012000004994
spec/controllers/instrument_price_policies_controller_spec.rb:6.287217999983113
spec/app_support/end_reservation_only_spec.rb:6.271147999999812
spec/models/instrument_spec.rb:5.922617999982322
spec/controllers/item_price_policies_controller_spec.rb:5.896171000000322
spec/system/admin/creating_an_estimate_spec.rb:4.828738999989582
spec/models/journal_spec.rb:4.690459000004921
spec/models/chart_string_reassignment_form_spec.rb:4.16868699999759
spec/system/admin/creating_an_instrument_spec.rb:3.8138599999947473
spec/models/instrument_price_policy/matrix_spec.rb:3.786140999989584
spec/services/auto_canceler_spec.rb:3.57802799998899
spec/app_support/reservations/duration_change_validations_spec.rb:3.547816000005696
spec/system/admin/facility_orders_search_spec.rb:3.5332129999878816
spec/models/order_import_spec.rb:3.225263000000268
spec/services/transaction_search/date_range_searcher_spec.rb:2.6047570000228006
spec/controllers/file_uploads_controller_spec.rb:2.581616000010399
spec/system/facility_list_tile_spec.rb:2.542168000014499
spec/models/order_import_csv_spec.rb:2.4849359999934677
spec/system/admin/timed_service_price_policies_controller_spec.rb:2.4769169999926817
spec/system/admin/problem_notifications_spec.rb:2.451965999993263
spec/controllers/order_statuses_controller_spec.rb:2.429654000006849
spec/system/admin/account_facility_joins_controller_spec.rb:2.18695299999672
spec/controllers/services_controller_spec.rb:2.115045000013197
spec/system/admin/instrument_relay_tab_spec.rb:2.0389739999955054
spec/system/fixing_a_problem_reservation_spec.rb:2.0387169999885373
spec/services/price_policies/time_based_price_calculator_spec.rb:1.9726519999967422
spec/services/notification_sender_spec.rb:1.8641929999866989
spec/system/admin/creating_admin_reservation_spec.rb:1.7525260000256822
spec/controllers/account_price_group_members_controller_spec.rb:1.6715409999887925
spec/system/admin/facility_reservations_search_spec.rb:1.6704939999908675
spec/models/schedule_spec.rb:1.6436910000047646
spec/controllers/bundle_products_controller_spec.rb:1.5999279999814462
spec/controllers/offline_reservations_controller_spec.rb:1.5778120000031777
spec/system/admin/billing_mode_workflow_spec.rb:1.5706389999832027
spec/system/admin/managing_payment_sources_spec.rb:1.5554769999871496
spec/services/order_uncanceler_spec.rb:1.5346370000042953
spec/models/instrument_price_policy_spec.rb:1.3568040000100154
spec/models/holiday_spec.rb:1.330974000011338
spec/services/statement_creator_spec.rb:1.314899000019068
spec/controllers/problem_reservations_controller_spec.rb:1.228201000019908
spec/system/admin/import_product_users_spec.rb:1.1880110000201967
spec/services/accessories_child_updater_spec.rb:1.1076780000003055
spec/services/most_recently_used_searcher_spec.rb:1.0895190000010189
spec/services/transaction_search/searcher_spec.rb:1.0575909999897704
spec/services/problem_reservation_resolver_spec.rb:1.054225999978371
spec/models/instrument_price_policy/zero_cost_order_spec.rb:0.9990239999897312
spec/models/external_service/url_service_spec.rb:0.9793310000095516
spec/system/holiday_reservation_access_spec.rb:0.9628539999830537
spec/system/admin/viewing_estimates_spec.rb:0.951307999988785
spec/controllers/order_management/order_details_controller_project_spec.rb:0.9494660000200383
spec/services/order_details/reconciler_spec.rb:0.9419979999947827
spec/system/admin/recalculating_estimate_spec.rb:0.9347310000157449
spec/mailers/purchase_notifier_spec.rb:0.9320569999981672
spec/controllers/user_accounts_controller_spec.rb:0.9265439999871887
spec/system/transactions_search_spec.rb:0.9087350000045262
spec/services/auto_end_previous_reservation_spec.rb:0.9070570000039879
spec/models/item_spec.rb:0.8726409999944735
spec/services/global_search/statement_searcher_spec.rb:0.8510609999939334
spec/system/admin/duplicating_an_estimate_spec.rb:0.8167869999888353
spec/controllers/product_access_groups_controller_spec.rb:0.7803540000168141
spec/controllers/order_imports_controller_spec.rb:0.7719839999917895
spec/controllers/transactions_controller_spec.rb:0.7563519999966957
spec/models/schedule_rule_spec.rb:0.7459119999839459
spec/controllers/reports/instrument_reports_controller_project_spec.rb:0.7437190000200644
spec/helpers/reservations_helper_spec.rb:0.7254759999923408
spec/system/admin/editing_an_instrument_spec.rb:0.7023329999938142
spec/controllers/orders_controller_project_spec.rb:0.6994639999757055
spec/controllers/facility_users_controller_spec.rb:0.686822999996366
spec/models/order_detail_projects_spec.rb:0.6451489999890327
spec/controllers/facility_order_details_controller_spec.rb:0.6441600000252947
spec/presenters/statement_presenter_spec.rb:0.5966939999780152
spec/forms/admin_reservation_form_spec.rb:0.5447860000131186
spec/models/account_user_spec.rb:0.5362280000117607
spec/system/resolving_a_disputed_order_spec.rb:0.52835999999661
spec/controllers/accounts_controller_spec.rb:0.49672900000587106
spec/controllers/global_user_roles_controller_spec.rb:0.49341700001969
spec/system/reserving_an_instrument_on_a_project_spec.rb:0.48834399998304434
spec/validators/order_research_safety_certification_validator_spec.rb:0.46843300000182353
spec/models/merge_notification_spec.rb:0.4607269999978598
spec/system/admin/clones_account_memberships_spec.rb:0.4474040000059176
spec/app_support/order_detail_journal_remover_spec.rb:0.44624499999918044
spec/system/my_files_spec.rb:0.43941700001596473
spec/models/project_spec.rb:0.43673399998806417
spec/system/admin/managing_training_requests_spec.rb:0.43577000001096167
spec/controllers/facilities_controller_project_spec.rb:0.43099800002528355
spec/models/concerns/downloadable_file_spec.rb:0.42619399999966845
spec/system/managing_product_billing_mode_spec.rb:0.4053870000061579
spec/system/admin/facility_account_price_groups_spec.rb:0.40250599998398684
spec/controllers/reconcilliations_controller_spec.rb:0.3605749999987893
spec/models/service_price_policy_spec.rb:0.353503999998793
spec/controllers/order_detail_stored_files_controller_spec.rb:0.3495859999966342
spec/system/admin/managing_journal_creation_reminders_spec.rb:0.3384669999941252
spec/models/offline_reservation_spec.rb:0.3226650000142399
spec/requests/order_management/order_details_spec.rb:0.31961799997952767
spec/services/price_policy_builder_spec.rb:0.3169929999858141
spec/presenters/reservations/calendar_presenter_spec.rb:0.3148339999897871
spec/system/admin/billing_log_events_spec.rb:0.3032050000037998
spec/app_support/price_policy_mass_assigner_spec.rb:0.2996389999752864
spec/services/next_available_reservation_finder_spec.rb:0.29588600000715815
spec/models/item_price_policy_spec.rb:0.28329600000870414
spec/system/admin/disputed_orders_search_spec.rb:0.27675299998372793
spec/system/viewing_an_order_spec.rb:0.2761309999914374
spec/services/account_builder_spec.rb:0.2564169999968726
spec/models/instrument_issue_spec.rb:0.24592599997413345
spec/helpers/application_helper_spec.rb:0.24380199998267926
spec/services/default_facility_homepage_redirector_spec.rb:0.23592399997869506
spec/services/upcoming_offline_reservation_notifier_spec.rb:0.2101670000120066
spec/models/order_projects_spec.rb:0.20824700000230223
spec/models/concerns/async_file_processing_spec.rb:0.19848900000215508
spec/models/relay_spec.rb:0.1827039999770932
spec/services/reports/querier_spec.rb:0.18220599999767728
spec/models/product_access_group_spec.rb:0.18040199999813922
spec/system/admin/journal_close_spec.rb:0.1656350000121165
spec/mailers/account_transaction_report_mailer_spec.rb:0.16231700000935234
spec/services/available_accounts_finder_spec.rb:0.15304899998591281
spec/models/instrument_for_cart_spec.rb:0.14567700002226047
spec/services/scishield_api_adapter_spec.rb:0.14363399997819215
spec/lib/account_cleaner_spec.rb:0.14170600002398714
spec/services/users/auth_checker_spec.rb:0.12412500000209548
spec/controllers/facility_account_orders_controller_spec.rb:0.12231500001507811
spec/presenters/user_presenter_spec.rb:0.11424999998416752
spec/models/product_user_spec.rb:0.10722200002055615
spec/services/user_finder_spec.rb:0.08903000000282191
spec/services/scishield_api_client_spec.rb:0.08596299999044277
spec/models/full_text_search/mysql_searcher_spec.rb:0.08365099999355152
spec/helpers/date_helper_spec.rb:0.0830370000039693
spec/models/power_relay_spec.rb:0.08037700000568293
spec/models/statement_row_spec.rb:0.076708000007784
spec/models/account_config_spec.rb:0.07300299999769777
spec/helpers/price_policies_helper_spec.rb:0.07084200001554564
spec/models/nufs_account_spec.rb:0.06779999998980202
spec/mailers/upcoming_offline_reservation_mailer_spec.rb:0.06101000000489876
spec/models/journal_creation_reminder_spec.rb:0.06038599999737926
spec/models/reports/instrument_utilization_report_spec.rb:0.059114000003319234
spec/presenters/users/name_presenter_spec.rb:0.058649999991757795
spec/controllers/devise/sessions_controller_spec.rb:0.05844200000865385
spec/presenters/product_presenter_spec.rb:0.05384899998898618
spec/models/bundle_product_spec.rb:0.05205200001364574
spec/controllers/errors_controller_spec.rb:0.04872299998532981
spec/mailers/csv_report_mailer_spec.rb:0.04781899999943562
spec/mailers/order_assignment_mailer_spec.rb:0.04735499998787418
spec/models/products/user_note_mode_spec.rb:0.0459899999841582
spec/services/whitespace_normalizer_spec.rb:0.04521599999861792
spec/requests/error_pages_spec.rb:0.04501699999673292
spec/lib/date_time_input/form_data_spec.rb:0.044639999978244305
spec/matcher_specs/csv_column_matcher_spec.rb:0.04288100000121631
spec/helpers/a_z_helper_spec.rb:0.04276700000627898
spec/models/timed_service_price_policy_spec.rb:0.03919700000551529
spec/lib/nav_tab/link_spec.rb:0.0370859999966342
spec/models/recurrence_spec.rb:0.03674799998407252
spec/helpers/timeline_helper_spec.rb:0.034361999976681545
spec/models/valid_fulfilled_at_date_spec.rb:0.03321299998788163
spec/models/concerns/email_list_attribute_spec.rb:0.0313179999939166
spec/helpers/view_hook_helper_spec.rb:0.030956000002333894
spec/helpers/products_helper_spec.rb:0.030085999984294176
spec/helpers/settings_helper_spec.rb:0.029762000020127743
spec/models/price_group_discount_spec.rb:0.028873000002931803
spec/services/order_details/param_updater_spec.rb:0.02858299997751601
spec/services/global_search/order_searcher_spec.rb:0.02835499998764135
spec/app_support/minutes_to_time_formatter_spec.rb:0.028027000022120774
spec/models/external_service/external_service_passer_spec.rb:0.02756499999668449
spec/models/api/order_detail_spec.rb:0.027092999982414767
spec/helpers/account_price_group_members_helper_spec.rb:0.026387999998405576
spec/lib/nucore/exceptions_app_spec.rb:0.025427999993553385
spec/models/time_data/null_time_data_spec.rb:0.02305499999783933
spec/models/admin_reservation_spec.rb:0.022773999982746318
Run options: include {focus: true}

All examples were filtered out; ignoring {focus: true}
spec/system/kiosk_view_spec.rb:440.64335599998594
spec/models/order_detail_spec.rb:35.059004000009736
spec/system/admin/reservation_actions_spec.rb:33.49087900001905
spec/system/admin/adding_to_a_cross_core_order_spec.rb:31.05621300000348
spec/system/admin/manage_order_detail_spec.rb:25.505745000002207
spec/controllers/order_management/order_details_controller_spec.rb:25.029825000005076
spec/system/admin/access_list_tab_spec.rb:15.235642000014195
spec/system/admin/instrument_price_policies_controller_spec.rb:14.791630000021541
spec/controllers/orders_controller_spec.rb:12.476787999999942
spec/controllers/order_details_controller_spec.rb:11.503068000019994
spec/system/quick_reservations_spec.rb:11.355804999999236
spec/system/research_safety/scishield/scishield_timeout_spec.rb:10.331678999995347
spec/services/auto_expire_reservation_spec.rb:9.134599000011804
spec/controllers/reports/instrument_day_reports_controller_spec.rb:8.638835999998264
spec/system/editing_a_reservation_spec.rb:6.182625999994343
spec/system/admin/all_transactions_search_spec.rb:6.136449000012362
spec/controllers/service_price_policies_controller_spec.rb:5.55071000001044
spec/models/reports/account_transaction_report_spec.rb:5.446577000024263
spec/app_support/product_approver_spec.rb:5.27016299997922
spec/app_support/auto_logout_spec.rb:5.111571999994339
spec/system/purchasing_a_reservation_on_behalf_of_spec.rb:5.065486999985296
spec/system/admin/price_group_management_spec.rb:5.031887999997707
spec/services/order_detail_batch_updater_spec.rb:4.764108000003034
spec/system/admin/editing_an_estimate_spec.rb:4.723519999999553
spec/models/product_spec.rb:4.1147340000025
spec/system/admin/projects_edit_spec.rb:4.096600999997463
spec/controllers/instruments_controller_spec.rb:4.056032000022242
spec/models/reservations_validations_spec.rb:3.814014000003226
spec/system/admin/projects_search_spec.rb:3.8017950000066776
spec/models/message_summarizer_spec.rb:3.7476889999816194
spec/system/move_transactions_spec.rb:3.679831000015838
spec/models/instrument_price_policy_calculations_spec.rb:3.4436360000108834
spec/models/order_spec.rb:3.3203880000219215
spec/models/reservation_relay_support_spec.rb:3.3050399999774527
spec/system/cross_core_orders_spec.rb:3.3000499999907333
spec/controllers/product_accessories_controller_spec.rb:3.0767049999849405
spec/system/placing_an_order_on_behalf_of_spec.rb:3.0086000000010245
spec/system/placing_an_order_spec.rb:2.844215000019176
spec/controllers/global_search_controller_spec.rb:2.7859969999990426
spec/controllers/training_requests_controller_spec.rb:2.6587629999849014
spec/models/reports/export_raw_spec.rb:2.5006480000156444
spec/system/passwords_spec.rb:2.4692140000115614
spec/system/training_requests_spec.rb:2.163161999982549
spec/system/admin/product_display_groups_spec.rb:2.1196749999944586
spec/models/cart_spec.rb:2.02970300000743
spec/system/admin/review_period_spec.rb:1.9986680000147317
spec/controllers/facilities_controller_spec.rb:1.9956409999867901
spec/services/estimates/estimate_csv_service_spec.rb:1.9753449999843724
spec/controllers/items_controller_spec.rb:1.9574129999964498
spec/controllers/reports/instrument_unavailable_reports_controller_spec.rb:1.9531150000111666
spec/controllers/search_controller_spec.rb:1.924912000016775
spec/services/cancellation_fee_calculator_spec.rb:1.9023500000184868
spec/controllers/price_groups_controller_spec.rb:1.7289900000032503
spec/controllers/notifications_controller_spec.rb:1.7033579999988433
spec/system/admin/instrument_schedule_positions_spec.rb:1.643504000006942
spec/system/admin/moving_transactions_spec.rb:1.6260279999987688
spec/system/admin/multi_statement_download_spec.rb:1.5484979999891948
spec/controllers/bundles_controller_spec.rb:1.5266219999757595
spec/models/external_service/survey_response_spec.rb:1.5245379999978468
spec/models/reservation_setup_spec.rb:1.509656999987783
spec/models/product_for_cart_spec.rb:1.4977150000049733
spec/models/account_spec.rb:1.4944739999773446
spec/controllers/facility_user_reservations_controller_spec.rb:1.429658000008203
spec/controllers/facility_accounts_reconciliation_controller_spec.rb:1.4063510000123642
spec/app_support/reservations/date_support_spec.rb:1.346455999999307
spec/forms/add_to_order_form_spec.rb:1.3138939999917056
spec/system/admin/product_notifications_controller_spec.rb:1.3109589999949094
spec/app_support/reservation_instrument_switcher_spec.rb:1.2345039999927394
spec/controllers/facility_account_users_controller_spec.rb:1.208699999988312
spec/system/admin/creating_a_service_spec.rb:1.2019020000007004
spec/services/global_search/project_searcher_spec.rb:1.1171759999997448
spec/system/admin/instrument_reservations_spec.rb:1.0751000000163913
spec/services/results_file_notifier_spec.rb:1.0471330000145826
spec/system/adding_facility_staff_spec.rb:1.0422379999945406
spec/models/price_policy_spec.rb:0.9774959999776911
spec/controllers/surveys_controller_spec.rb:0.9764990000112448
spec/system/admin/cancel_statement_spec.rb:0.9601440000114962
spec/controllers/price_group_products_controller_spec.rb:0.9218690000125207
spec/system/admin/user_access_list_spec.rb:0.9188920000160579
spec/system/admin/instrument_scheduling_tab_spec.rb:0.9180599999963306
spec/system/research_safety/placing_a_reservation_spec.rb:0.9167629999865312
spec/mailers/auto_end_reservation_mailer_spec.rb:0.8836260000243783
spec/controllers/schedule_rules_controller_spec.rb:0.878632000007201
spec/services/accessorizer_spec.rb:0.8732669999881182
spec/models/facility_spec.rb:0.8656289999780711
spec/mailers/notifier_spec.rb:0.8647350000101142
spec/system/admin/filtering_estimates_spec.rb:0.8599110000068322
spec/models/service_spec.rb:0.8001559999829624
spec/services/instrument_offline_reservation_canceler_spec.rb:0.7863219999999274
spec/system/disputing_an_order_spec.rb:0.775009000004502
spec/models/product_user_import_spec.rb:0.7671770000015385
spec/controllers/projects/projects_controller_spec.rb:0.7635270000027958
spec/system/admin/suspending_a_user_spec.rb:0.7364529999904335
spec/system/admin/creating_an_item_spec.rb:0.7291079999995418
spec/controllers/affiliates_controller_spec.rb:0.6950010000145994
spec/system/managing_instrument_offline_spec.rb:0.6947829999844544
spec/models/user_spec.rb:0.6717029999999795
spec/services/log_event_searcher_spec.rb:0.6394520000030752
spec/system/admin/launch_kiosk_view_spec.rb:0.6026360000250861
spec/presenters/order_detail_presenter_spec.rb:0.5735010000062175
spec/services/order_details/dispute_resolved_notifier_spec.rb:0.5608179999981076
spec/system/admin/product_research_safety_certification_requirements_controller_spec.rb:0.5540749999927357
spec/models/external_service/survey_spec.rb:0.5310100000060629
spec/controllers/product_users_controller_spec.rb:0.5077809999929741
spec/controllers/account_users_controller_spec.rb:0.505961999995634
spec/controllers/relays_activations_controller_spec.rb:0.439061999990372
spec/system/placing_an_order_on_a_project_spec.rb:0.43253099999856204
spec/controllers/facility_facility_accounts_controller_spec.rb:0.42424200000823475
spec/system/admin/editing_a_service_spec.rb:0.4184170000080485
spec/requests/facility_billing_log_events_spec.rb:0.4100099999923259
spec/system/instrument_issues_spec.rb:0.4016830000036862
spec/services/account_membership_cloner_spec.rb:0.39992600001278333
spec/services/instrument_status_fetcher_spec.rb:0.396840000001248
spec/models/user_role_spec.rb:0.3850189999793656
spec/requests/log_events_spec.rb:0.3687599999830127
spec/models/product_user_creator_spec.rb:0.3609829999913927
spec/models/training_request_spec.rb:0.3504339999926742
spec/services/global_search/product_searcher_spec.rb:0.34467200000653975
spec/requests/billing_log_events_spec.rb:0.33332100001280196
spec/system/admin/facility_journals_search_spec.rb:0.3255559999961406
spec/services/schedule_rules/open_hours_spec.rb:0.32380600000033155
spec/controllers/instrument_alerts_controller_spec.rb:0.3044660000014119
spec/services/journal_row_builder_spec.rb:0.30369299999438226
spec/controllers/reports/general_reports_controller_project_spec.rb:0.30103000000235625
spec/services/account_searcher_spec.rb:0.2939699999988079
spec/models/order_status_spec.rb:0.2929069999954663
spec/models/price_group_spec.rb:0.2797339999815449
spec/system/accessing_invalid_files_spec.rb:0.27732900000410154
spec/controllers/journal_cutoff_dates_controller_spec.rb:0.269456000009086
spec/system/admin/recharge_accounts_spec.rb:0.24080199998570606
spec/system/admin/user_file_uploads_spec.rb:0.23683099998743273
spec/system/admin/research_safety_certificates_controller_spec.rb:0.23504799997317605
spec/system/admin/user_research_safety_certifications_controller_spec.rb:0.2336080000095535
spec/presenters/reservation_user_action_presenter_spec.rb:0.20314999998663552
spec/services/research_safety_adapters/scishield_training_synchronizer_spec.rb:0.20272499998100102
spec/requests/formio/submissions_spec.rb:0.18656400000327267
spec/services/admin_reservation_expirer_spec.rb:0.1820540000044275
spec/models/product_display_group_spec.rb:0.17883900000015274
spec/models/duration_rate_spec.rb:0.17063300000154413
spec/models/reports/product_access_list_csv_report_spec.rb:0.17061800000374205
spec/models/charge_mode_spec.rb:0.1661129999847617
spec/models/stored_file_spec.rb:0.12333299999590963
spec/models/email_event_spec.rb:0.11831900000106543
spec/models/price_group_product_spec.rb:0.11803099999087863
spec/controllers/statements_controller_spec.rb:0.117740000016056
spec/controllers/instruments_dashboard_controller_spec.rb:0.11767499998677522
spec/presenters/order_detail_notice_presenter_spec.rb:0.10730199998943135
spec/controllers/global_search_projects_controller_spec.rb:0.10229999999864958
spec/helpers/users_helper_spec.rb:0.09374499999103136
spec/services/users/convert_external_to_internal_user_spec.rb:0.08999100001528859
spec/app_support/reservations/rendering_spec.rb:0.08806900001945905
spec/services/order_detail_update_param_hash_extractor_spec.rb:0.08723099998314865
spec/models/reports/global_user_roles_report_spec.rb:0.077103999996325
spec/helpers/transaction_history_helper_spec.rb:0.07465399999637157
spec/services/move_to_problem_queue_spec.rb:0.07295999999041669
spec/models/log_event_spec.rb:0.07251999998698011
spec/models/reports/instrument_day_report_spec.rb:0.06850799999665469
spec/mailers/offline_cancellation_mailer_spec.rb:0.06617400000686757
spec/services/converters/order_detail_to_journal_row_attributes_spec.rb:0.0660900000075344
spec/models/product_accessory_spec.rb:0.06541399998241104
spec/controllers/kiosk_reservations_controller_spec.rb:0.0643770000024233
spec/services/users/convert_internal_to_external_user_spec.rb:0.06025700000463985
spec/models/time_range_spec.rb:0.05992499997955747
spec/services/reports/account_search_csv_spec.rb:0.05968299999949522
spec/services/nufs_account_builder_spec.rb:0.05400699999881908
spec/services/converters/product_to_journal_row_attributes_spec.rb:0.053928000008454546
spec/models/budgeted_chart_string_spec.rb:0.05347300000721589
spec/lib/staging_mail_interceptor_spec.rb:0.05339799998910166
spec/models/journal_cutoff_date_spec.rb:0.052036000008229166
spec/services/reports/reservation_row_duration_calculator_spec.rb:0.05112099999678321
spec/controllers/reports/instrument_unavailable_export_raw_reports_controller_spec.rb:0.04957000000285916
spec/controllers/reports/export_raw_reports_controller_spec.rb:0.04873300000326708
spec/models/payment_spec.rb:0.047772000019904226
spec/lib/array_util_spec.rb:0.04569700002321042
spec/helpers/accounts_helper_spec.rb:0.0452639999857638
spec/services/journal_row_updater_spec.rb:0.043495999998413026
spec/models/affiliate_spec.rb:0.04016500001307577
spec/models/external_service/external_service_receiver_spec.rb:0.03927300000214018
spec/services/journals/journal_format_spec.rb:0.03640000001178123
spec/models/journal_row_spec.rb:0.03456699999514967
spec/models/reservation_fast_spec.rb:0.031860999995842576
spec/lib/date_time_input/model_spec.rb:0.030375000002095476
spec/lib/nucore/database/date_helper_spec.rb:0.029267000005347654
spec/models/reports/order_import_spec.rb:0.02884699997957796
spec/lib/translations_spec.rb:0.02655499998945743
spec/models/relay_synaccess_rev_b_spec.rb:0.026308000000426546
spec/presenters/view_hook_spec.rb:0.026057999988552183
spec/models/facility_account_spec.rb:0.025095999997574836
spec/presenters/reservation_calendar_spec.rb:0.023109000001568347
spec/models/external_service/external_service_spec.rb:0.021842999994987622
spec/models/time_data/required_time_data_spec.rb:0.020331000006990507
spec/services/order_detail_batch_updater_projects_spec.rb:0.019056999997701496
